<?xml version="1.0" encoding="UTF-8"?>
<!-- Generated by org.testng.reporters.JUnitXMLReporter -->
<testsuite hostname="Jitender" name="Test" tests="4" failures="0" timestamp="6 Oct 2018 05:08:15 GMT" time="52.786" errors="0">
  <testcase name="@BeforeMethod browser_launch" time="0.0" classname="org.testing.testScripts.TC2">
    <failure type="java.lang.NullPointerException">
      <![CDATA[java.lang.NullPointerException
	at org.testing.Base.BaseClass.browser_launch(BaseClass.java:44)
... Removed 26 stack frames]]>
    </failure>
  </testcase> <!-- @BeforeMethod browser_launch -->
  <testcase name="@AfterMethod browser_close" time="0.0" classname="org.testing.testScripts.TC2">
    <skipped/>
  </testcase> <!-- @AfterMethod browser_close -->
  <testcase name="@BeforeMethod browser_launch" time="0.0" classname="org.testing.testScripts.TC3">
    <skipped/>
  </testcase> <!-- @BeforeMethod browser_launch -->
  <testcase name="@AfterMethod browser_close" time="0.0" classname="org.testing.testScripts.TC3">
    <skipped/>
  </testcase> <!-- @AfterMethod browser_close -->
  <testcase name="@BeforeMethod browser_launch" time="0.0" classname="org.testing.testScripts.TC4">
    <skipped/>
  </testcase> <!-- @BeforeMethod browser_launch -->
  <testcase name="@AfterMethod browser_close" time="0.0" classname="org.testing.testScripts.TC4">
    <skipped/>
  </testcase> <!-- @AfterMethod browser_close -->
  <testcase name="test_case" time="31.457" classname="org.testing.testScripts.TC1"/>
  <testcase name="test_case" time="0.001" classname="org.testing.testScripts.TC2">
    <skipped/>
  </testcase> <!-- test_case -->
  <testcase name="test_case" time="0.001" classname="org.testing.testScripts.TC3">
    <skipped/>
  </testcase> <!-- test_case -->
  <testcase name="test_case" time="0.01" classname="org.testing.testScripts.TC4">
    <skipped/>
  </testcase> <!-- test_case -->
</testsuite> <!-- Test -->
