<?xml version="1.0" encoding="UTF-8"?>
<testng-results skipped="3" failed="0" total="4" passed="1">
  <reporter-output>
  </reporter-output>
  <suite name="Suite" duration-ms="52786" started-at="2018-10-06T05:07:22Z" finished-at="2018-10-06T05:08:14Z">
    <groups>
    </groups>
    <test name="Test" duration-ms="52786" started-at="2018-10-06T05:07:22Z" finished-at="2018-10-06T05:08:14Z">
      <class name="org.testing.testScripts.TC1">
        <test-method status="PASS" signature="properties_load()[pri:0, instance:org.testing.testScripts.TC1@59f99ea]" name="properties_load" is-config="true" duration-ms="16" started-at="2018-10-06T10:37:22Z" finished-at="2018-10-06T10:37:22Z">
          <reporter-output>
          </reporter-output>
        </test-method> <!-- properties_load -->
        <test-method status="PASS" signature="browser_launch()[pri:0, instance:org.testing.testScripts.TC1@59f99ea]" name="browser_launch" is-config="true" duration-ms="16288" started-at="2018-10-06T10:37:22Z" finished-at="2018-10-06T10:37:38Z">
          <reporter-output>
          </reporter-output>
        </test-method> <!-- browser_launch -->
        <test-method status="PASS" signature="test_case()[pri:0, instance:org.testing.testScripts.TC1@59f99ea]" name="test_case" duration-ms="31457" started-at="2018-10-06T10:37:38Z" finished-at="2018-10-06T10:38:09Z">
          <reporter-output>
          </reporter-output>
        </test-method> <!-- test_case -->
        <test-method status="PASS" signature="browser_close()[pri:0, instance:org.testing.testScripts.TC1@59f99ea]" name="browser_close" is-config="true" duration-ms="2103" started-at="2018-10-06T10:38:09Z" finished-at="2018-10-06T10:38:12Z">
          <reporter-output>
          </reporter-output>
        </test-method> <!-- browser_close -->
      </class> <!-- org.testing.testScripts.TC1 -->
      <class name="org.testing.testScripts.TC2">
        <test-method status="FAIL" signature="browser_launch()[pri:0, instance:org.testing.testScripts.TC2@6a4f787b]" name="browser_launch" is-config="true" duration-ms="0" started-at="2018-10-06T10:38:12Z" finished-at="2018-10-06T10:38:12Z">
          <exception class="java.lang.NullPointerException">
            <full-stacktrace>
              <![CDATA[java.lang.NullPointerException
	at org.testing.Base.BaseClass.browser_launch(BaseClass.java:44)
	at sun.reflect.NativeMethodAccessorImpl.invoke0(Native Method)
	at sun.reflect.NativeMethodAccessorImpl.invoke(Unknown Source)
	at sun.reflect.DelegatingMethodAccessorImpl.invoke(Unknown Source)
	at java.lang.reflect.Method.invoke(Unknown Source)
	at org.testng.internal.MethodInvocationHelper.invokeMethod(MethodInvocationHelper.java:85)
	at org.testng.internal.Invoker.invokeConfigurationMethod(Invoker.java:510)
	at org.testng.internal.Invoker.invokeConfigurations(Invoker.java:211)
	at org.testng.internal.Invoker.invokeMethod(Invoker.java:585)
	at org.testng.internal.Invoker.invokeTestMethod(Invoker.java:821)
	at org.testng.internal.Invoker.invokeTestMethods(Invoker.java:1131)
	at org.testng.internal.TestMethodWorker.invokeTestMethods(TestMethodWorker.java:124)
	at org.testng.internal.TestMethodWorker.run(TestMethodWorker.java:108)
	at org.testng.TestRunner.privateRun(TestRunner.java:773)
	at org.testng.TestRunner.run(TestRunner.java:623)
	at org.testng.SuiteRunner.runTest(SuiteRunner.java:357)
	at org.testng.SuiteRunner.runSequentially(SuiteRunner.java:352)
	at org.testng.SuiteRunner.privateRun(SuiteRunner.java:310)
	at org.testng.SuiteRunner.run(SuiteRunner.java:259)
	at org.testng.SuiteRunnerWorker.runSuite(SuiteRunnerWorker.java:52)
	at org.testng.SuiteRunnerWorker.run(SuiteRunnerWorker.java:86)
	at org.testng.TestNG.runSuitesSequentially(TestNG.java:1185)
	at org.testng.TestNG.runSuitesLocally(TestNG.java:1110)
	at org.testng.TestNG.run(TestNG.java:1018)
	at org.testng.remote.AbstractRemoteTestNG.run(AbstractRemoteTestNG.java:114)
	at org.testng.remote.RemoteTestNG.initAndRun(RemoteTestNG.java:251)
	at org.testng.remote.RemoteTestNG.main(RemoteTestNG.java:77)
]]>
            </full-stacktrace>
          </exception> <!-- java.lang.NullPointerException -->
          <reporter-output>
          </reporter-output>
        </test-method> <!-- browser_launch -->
        <test-method status="SKIP" signature="test_case()[pri:0, instance:org.testing.testScripts.TC2@6a4f787b]" name="test_case" duration-ms="1" started-at="2018-10-06T10:38:14Z" finished-at="2018-10-06T10:38:14Z">
          <reporter-output>
          </reporter-output>
        </test-method> <!-- test_case -->
        <test-method status="SKIP" signature="browser_close()[pri:0, instance:org.testing.testScripts.TC2@6a4f787b]" name="browser_close" is-config="true" duration-ms="0" started-at="2018-10-06T10:38:14Z" finished-at="2018-10-06T10:38:14Z">
          <reporter-output>
          </reporter-output>
        </test-method> <!-- browser_close -->
      </class> <!-- org.testing.testScripts.TC2 -->
      <class name="org.testing.testScripts.TC3">
        <test-method status="SKIP" signature="browser_launch()[pri:0, instance:org.testing.testScripts.TC3@685cb137]" name="browser_launch" is-config="true" duration-ms="0" started-at="2018-10-06T10:38:14Z" finished-at="2018-10-06T10:38:14Z">
          <reporter-output>
          </reporter-output>
        </test-method> <!-- browser_launch -->
        <test-method status="SKIP" signature="test_case()[pri:0, instance:org.testing.testScripts.TC3@685cb137]" name="test_case" duration-ms="1" started-at="2018-10-06T10:38:14Z" finished-at="2018-10-06T10:38:14Z">
          <reporter-output>
          </reporter-output>
        </test-method> <!-- test_case -->
        <test-method status="SKIP" signature="browser_close()[pri:0, instance:org.testing.testScripts.TC3@685cb137]" name="browser_close" is-config="true" duration-ms="0" started-at="2018-10-06T10:38:14Z" finished-at="2018-10-06T10:38:14Z">
          <reporter-output>
          </reporter-output>
        </test-method> <!-- browser_close -->
      </class> <!-- org.testing.testScripts.TC3 -->
      <class name="org.testing.testScripts.TC4">
        <test-method status="SKIP" signature="browser_launch()[pri:0, instance:org.testing.testScripts.TC4@6a41eaa2]" name="browser_launch" is-config="true" duration-ms="0" started-at="2018-10-06T10:38:14Z" finished-at="2018-10-06T10:38:14Z">
          <reporter-output>
          </reporter-output>
        </test-method> <!-- browser_launch -->
        <test-method status="SKIP" signature="test_case()[pri:0, instance:org.testing.testScripts.TC4@6a41eaa2]" name="test_case" duration-ms="10" started-at="2018-10-06T10:38:14Z" finished-at="2018-10-06T10:38:14Z">
          <reporter-output>
          </reporter-output>
        </test-method> <!-- test_case -->
        <test-method status="SKIP" signature="browser_close()[pri:0, instance:org.testing.testScripts.TC4@6a41eaa2]" name="browser_close" is-config="true" duration-ms="0" started-at="2018-10-06T10:38:14Z" finished-at="2018-10-06T10:38:14Z">
          <reporter-output>
          </reporter-output>
        </test-method> <!-- browser_close -->
      </class> <!-- org.testing.testScripts.TC4 -->
    </test> <!-- Test -->
  </suite> <!-- Suite -->
</testng-results>
